<?xml version="1.0" encoding="UTF-8"?>
<testsuite xmlns:xsi="http://www.w3.org/2001/XMLSchema-instance" xsi:noNamespaceSchemaLocation="https://maven.apache.org/surefire/maven-surefire-plugin/xsd/surefire-test-report-3.0.xsd" version="3.0" name="com.algonquincollege.cst8277.OrderSystemTestSuite" time="1.552" tests="25" errors="0" skipped="0" failures="0">
  <properties>
[...]
</properties>
  <testcase name="test01_all_customers_with_adminrole" classname="com.algonquincollege.cst8277.OrderSystemTestSuite" time="0.647"/>
  <testcase name="test02_Customer_get1" classname="com.algonquincollege.cst8277.OrderSystemTestSuite" time="0.049"/>
  <testcase name="test03_Customer_get2" classname="com.algonquincollege.cst8277.OrderSystemTestSuite" time="0.038"/>
  <testcase name="test04_Customer_get3" classname="com.algonquincollege.cst8277.OrderSystemTestSuite" time="0.038"/>
  <testcase name="test05_Customer_get4" classname="com.algonquincollege.cst8277.OrderSystemTestSuite" time="0.052"/>
  <testcase name="test06_Customer_get5" classname="com.algonquincollege.cst8277.OrderSystemTestSuite" time="0.032"/>
  <testcase name="test07_Customer_put1" classname="com.algonquincollege.cst8277.OrderSystemTestSuite" time="0.059"/>
  <testcase name="test08_Customer_put2" classname="com.algonquincollege.cst8277.OrderSystemTestSuite" time="0.036"/>
  <testcase name="test09_Customer_post1" classname="com.algonquincollege.cst8277.OrderSystemTestSuite" time="0.043"/>
  <testcase name="test10_Customer_post2" classname="com.algonquincollege.cst8277.OrderSystemTestSuite" time="0.036"/>
  <testcase name="test11_Customer_delete1" classname="com.algonquincollege.cst8277.OrderSystemTestSuite" time="0.032"/>
  <testcase name="test12_Customer_delete2" classname="com.algonquincollege.cst8277.OrderSystemTestSuite" time="0.028"/>
  <testcase name="test13_CustomerIdShippingAdress_get1" classname="com.algonquincollege.cst8277.OrderSystemTestSuite" time="0.019"/>
  <testcase name="test14_CustomerIdShippingAdress_get2" classname="com.algonquincollege.cst8277.OrderSystemTestSuite" time="0.017"/>
  <testcase name="test15_CustomerIdShippingAdress_get3" classname="com.algonquincollege.cst8277.OrderSystemTestSuite" time="0.019"/>
  <testcase name="test16_CustomerIdShippingAdress_get4" classname="com.algonquincollege.cst8277.OrderSystemTestSuite" time="0.024"/>
  <testcase name="test17_CustomerIdShippingAdress_put1" classname="com.algonquincollege.cst8277.OrderSystemTestSuite" time="0.027"/>
  <testcase name="test18_CustomerIdShippingAdress_put2" classname="com.algonquincollege.cst8277.OrderSystemTestSuite" time="0.033"/>
  <testcase name="test19_CustomerIdShippingAdress_delete1" classname="com.algonquincollege.cst8277.OrderSystemTestSuite" time="0.026"/>
  <testcase name="test20_CustomerIdShippingAdress_delete2" classname="com.algonquincollege.cst8277.OrderSystemTestSuite" time="0.025"/>
  <testcase name="test21_CustomerIdOrder_get1" classname="com.algonquincollege.cst8277.OrderSystemTestSuite" time="0.02"/>
  <testcase name="test22_CustomerIdOrder_get2" classname="com.algonquincollege.cst8277.OrderSystemTestSuite" time="0.019"/>
  <testcase name="test23_CustomerIdOrder_get3" classname="com.algonquincollege.cst8277.OrderSystemTestSuite" time="0.02"/>
  <testcase name="test24_CustomerIdOrder_get4" classname="com.algonquincollege.cst8277.OrderSystemTestSuite" time="0.022"/>
  <testcase name="test25_CustomerIdOrder_get5" classname="com.algonquincollege.cst8277.OrderSystemTestSuite" time="0.016"/>
</testsuite>